TN:
SF:src/App.tsx
FNF:0
FNH:0
DA:1,1
DA:2,1
DA:3,1
DA:4,1
DA:5,1
DA:6,1
DA:7,1
DA:8,1
DA:9,1
DA:10,1
DA:11,1
DA:12,1
DA:13,1
DA:14,1
DA:15,1
DA:16,1
DA:18,1
DA:20,1
DA:21,1
DA:22,1
DA:23,1
DA:24,1
DA:25,1
DA:26,1
DA:27,1
DA:28,1
DA:29,1
DA:30,1
DA:32,1
DA:33,1
DA:34,1
DA:35,1
DA:38,1
DA:39,1
DA:40,1
DA:43,1
DA:51,1
LF:37
LH:37
BRF:0
BRH:0
end_of_record
TN:
SF:src/firebase.ts
FNF:0
FNH:0
DA:1,1
DA:7,1
DA:8,1
DA:10,1
DA:11,1
DA:12,1
DA:13,1
DA:14,1
DA:15,1
DA:16,1
DA:17,1
DA:18,1
DA:19,1
DA:20,1
DA:21,1
DA:23,1
DA:24,1
DA:25,1
DA:27,1
DA:28,1
DA:29,1
DA:30,1
LF:22
LH:22
BRF:0
BRH:0
end_of_record
TN:
SF:src/components/Navigation.tsx
FN:14,Navigation
FN:70,className
FN:108,className
FNF:3
FNH:3
FNDA:5,Navigation
FNDA:18,className
FNDA:18,className
DA:1,1
DA:2,1
DA:3,1
DA:4,1
DA:14,1
DA:15,5
DA:16,5
DA:18,5
DA:19,5
DA:20,5
DA:21,5
DA:22,5
DA:24,5
DA:25,3
DA:26,5
DA:27,2
DA:28,2
DA:30,5
DA:31,5
DA:33,5
DA:34,5
DA:35,5
DA:36,5
DA:37,5
DA:38,5
DA:45,5
DA:46,5
DA:47,5
DA:48,5
DA:49,5
DA:50,5
DA:51,5
DA:54,5
DA:55,5
DA:56,5
DA:57,2
DA:58,2
DA:59,2
DA:60,2
DA:62,2
DA:63,2
DA:66,5
DA:67,5
DA:68,5
DA:69,5
DA:70,5
DA:71,18
DA:72,18
DA:73,5
DA:74,13
DA:75,5
DA:78,5
DA:79,5
DA:89,5
DA:90,5
DA:91,5
DA:92,5
DA:93,2
DA:94,2
DA:95,2
DA:96,2
DA:98,2
DA:99,2
DA:101,2
DA:104,5
DA:105,5
DA:106,5
DA:107,5
DA:108,5
DA:109,18
DA:110,18
DA:111,5
DA:112,13
DA:113,5
DA:116,5
DA:117,5
DA:118,5
DA:119,5
DA:120,5
DA:121,5
DA:123,5
DA:125,5
DA:135,5
DA:136,5
DA:139,5
DA:141,1
LF:86
LH:86
BRDA:14,0,0,5
BRDA:24,1,0,3
BRDA:26,2,0,2
BRDA:56,3,0,2
BRDA:70,4,0,18
BRDA:72,5,0,5
BRDA:73,6,0,13
BRDA:92,7,0,2
BRDA:108,8,0,18
BRDA:110,9,0,5
BRDA:111,10,0,13
BRDA:120,11,0,5
BRDA:120,12,0,13
BRF:13
BRH:13
end_of_record
TN:
SF:src/components/OwnerLayout.tsx
FN:6,OwnerLayout
FNF:1
FNH:1
FNDA:3,OwnerLayout
DA:1,1
DA:6,1
DA:7,3
DA:9,3
DA:10,1
DA:11,1
DA:12,1
DA:15,1
DA:17,2
DA:18,2
LF:10
LH:10
BRDA:6,0,0,3
BRDA:9,1,0,1
BRDA:15,2,0,2
BRF:3
BRH:3
end_of_record
TN:
SF:src/components/ProtectedRoute.tsx
FN:4,ProtectedRoute
FNF:1
FNH:1
FNDA:4,ProtectedRoute
DA:1,1
DA:4,1
DA:5,4
DA:6,4
DA:8,4
DA:10,4
DA:11,2
DA:12,2
DA:13,2
DA:14,2
DA:17,2
DA:19,1
DA:20,1
LF:13
LH:13
BRDA:4,0,0,4
BRDA:8,1,0,1
BRDA:8,2,0,3
BRDA:10,3,0,2
BRDA:17,4,0,1
BRF:5
BRH:5
end_of_record
TN:
SF:src/components/ScrollToTop.tsx
FN:5,ScrollToTop
FNF:1
FNH:1
FNDA:2,ScrollToTop
DA:1,1
DA:5,1
DA:6,2
DA:8,2
DA:9,2
DA:10,2
DA:11,2
DA:12,2
DA:13,2
DA:15,2
DA:16,2
LF:11
LH:11
BRDA:5,0,0,2
BRDA:8,1,0,2
BRF:2
BRH:2
end_of_record
TN:
SF:src/components/TrialGuard.tsx
FN:11,TrialGuard
FNF:1
FNH:1
FNDA:8,TrialGuard
DA:1,1
DA:11,1
DA:12,8
DA:14,8
DA:16,8
DA:17,1
DA:18,1
DA:19,1
DA:20,1
DA:21,1
DA:23,1
DA:24,1
DA:25,1
DA:27,1
DA:28,1
DA:29,1
DA:31,1
DA:36,1
DA:38,6
DA:39,6
DA:40,8
DA:41,8
DA:42,8
DA:43,8
DA:44,2
DA:45,2
DA:46,8
DA:48,8
DA:49,8
DA:50,2
DA:51,8
DA:52,8
DA:57,8
DA:60,8
LF:34
LH:34
BRDA:11,0,0,8
BRDA:14,1,0,1
BRDA:14,2,0,7
BRDA:16,3,0,1
BRDA:36,4,0,6
BRDA:40,5,0,4
BRDA:43,6,0,2
BRDA:44,7,0,2
BRDA:49,8,0,2
BRDA:50,9,0,1
BRDA:50,10,0,1
BRDA:51,11,0,2
BRDA:51,12,0,0
BRDA:51,13,0,0
BRF:14
BRH:12
end_of_record
TN:
SF:src/contexts/ThemeContext.tsx
FN:12,ThemeProvider
FN:32,useTheme
FNF:2
FNH:2
FNDA:15,ThemeProvider
FNDA:16,useTheme
DA:1,1
DA:10,1
DA:12,1
DA:13,15
DA:14,12
DA:15,12
DA:16,12
DA:18,15
DA:19,15
DA:20,15
DA:21,15
DA:22,15
DA:23,15
DA:25,15
DA:26,15
DA:27,15
DA:30,15
DA:32,1
DA:33,16
DA:34,16
DA:35,4
DA:36,4
DA:37,11
DA:38,11
LF:24
LH:24
BRDA:12,0,0,15
BRDA:13,1,0,12
BRDA:15,2,0,5
BRDA:18,3,0,15
BRDA:32,4,0,16
BRDA:34,5,0,4
BRDA:36,6,0,11
BRF:7
BRH:7
end_of_record
TN:
SF:src/hooks/firebaseContext.tsx
FN:11,FirebaseProvider
FN:20,useFirebase
FNF:2
FNH:2
FNDA:6,FirebaseProvider
FNDA:5,useFirebase
DA:1,1
DA:9,1
DA:11,1
DA:12,6
DA:13,6
DA:14,6
DA:17,6
DA:19,1
DA:20,1
DA:21,5
DA:22,5
DA:23,4
DA:24,4
DA:25,1
DA:26,1
LF:15
LH:15
BRDA:11,0,0,6
BRDA:20,1,0,5
BRDA:22,2,0,4
BRDA:24,3,0,1
BRF:4
BRH:4
end_of_record
TN:
SF:src/hooks/use-mobile.tsx
FN:5,useIsMobile
FN:10,onChange
FNF:2
FNH:2
FNDA:9,useIsMobile
FNDA:1,onChange
DA:1,1
DA:3,1
DA:5,1
DA:6,9
DA:8,9
DA:9,4
DA:10,4
DA:11,1
DA:12,1
DA:13,4
DA:14,4
DA:15,4
DA:16,9
DA:18,9
DA:19,9
LF:15
LH:15
BRDA:5,0,0,9
BRDA:8,1,0,4
BRDA:10,2,0,1
BRDA:15,3,0,4
BRF:4
BRH:4
end_of_record
TN:
SF:src/hooks/use-toast.ts
FN:24,genId
FN:55,addToRemoveQueue
FN:71,reducer
FN:128,dispatch
FN:137,toast
FN:166,useToast
FN:182,dismiss
FNF:7
FNH:1
FNDA:0,genId
FNDA:0,addToRemoveQueue
FNDA:0,reducer
FNDA:0,dispatch
FNDA:0,toast
FNDA:4,useToast
FNDA:0,dismiss
DA:1,1
DA:5,1
DA:6,1
DA:15,1
DA:16,1
DA:17,1
DA:18,1
DA:19,1
DA:20,1
DA:22,1
DA:24,0
DA:25,0
DA:26,0
DA:27,0
DA:53,1
DA:55,1
DA:56,0
DA:57,0
DA:58,0
DA:60,0
DA:61,0
DA:62,0
DA:63,0
DA:64,0
DA:65,0
DA:66,0
DA:68,0
DA:69,0
DA:71,1
DA:72,0
DA:73,0
DA:74,0
DA:75,0
DA:76,0
DA:77,0
DA:79,0
DA:80,0
DA:81,0
DA:82,0
DA:83,0
DA:85,0
DA:86,0
DA:88,0
DA:89,0
DA:90,0
DA:91,0
DA:92,0
DA:93,0
DA:94,0
DA:95,0
DA:96,0
DA:98,0
DA:99,0
DA:100,0
DA:101,0
DA:102,0
DA:103,0
DA:104,0
DA:105,0
DA:106,0
DA:108,0
DA:109,0
DA:110,0
DA:111,0
DA:112,0
DA:113,0
DA:114,0
DA:115,0
DA:116,0
DA:117,0
DA:118,0
DA:119,0
DA:120,0
DA:121,0
DA:122,0
DA:124,1
DA:126,1
DA:128,0
DA:129,0
DA:130,0
DA:131,0
DA:132,0
DA:133,0
DA:137,0
DA:138,0
DA:140,0
DA:141,0
DA:142,0
DA:143,0
DA:144,0
DA:145,0
DA:147,0
DA:148,0
DA:149,0
DA:150,0
DA:151,0
DA:152,0
DA:153,0
DA:154,0
DA:155,0
DA:156,0
DA:157,0
DA:159,0
DA:160,0
DA:161,0
DA:162,0
DA:163,0
DA:164,0
DA:166,4
DA:167,4
DA:169,4
DA:170,4
DA:171,4
DA:172,4
DA:173,4
DA:174,4
DA:175,4
DA:176,4
DA:177,4
DA:179,4
DA:180,4
DA:181,4
DA:182,4
DA:183,4
DA:184,4
LF:125
LH:32
BRDA:166,0,0,4
BRDA:169,1,0,4
BRDA:171,2,0,4
BRF:3
BRH:3
end_of_record
TN:
SF:src/hooks/useCurrentUser.ts
FN:20,useCurrentUser
FN:49,logout
FNF:2
FNH:2
FNDA:9,useCurrentUser
FNDA:2,logout
DA:1,1
DA:20,1
DA:21,9
DA:22,9
DA:23,9
DA:24,9
DA:25,9
DA:26,9
DA:28,9
DA:29,7
DA:30,4
DA:31,4
DA:32,4
DA:33,1
DA:34,1
DA:35,1
DA:36,4
DA:37,2
DA:38,2
DA:39,2
DA:40,2
DA:41,2
DA:43,7
DA:44,7
DA:45,7
DA:46,7
DA:47,9
DA:49,9
DA:50,2
DA:51,2
DA:52,1
DA:53,1
DA:54,1
DA:55,1
DA:56,1
DA:57,1
DA:58,1
DA:59,1
DA:60,1
DA:61,1
DA:62,1
DA:63,2
DA:65,9
DA:66,9
DA:67,9
DA:68,9
DA:69,9
DA:70,9
DA:71,9
LF:49
LH:49
BRDA:20,0,0,9
BRDA:28,1,0,7
BRDA:29,2,0,4
BRDA:32,3,0,1
BRDA:36,4,0,2
BRDA:43,5,0,7
BRDA:44,6,0,2
BRDA:49,7,0,2
BRDA:51,8,0,1
BRF:9
BRH:9
end_of_record
TN:
SF:src/hooks/useTrial.ts
FN:15,calcDaysLeft
FN:22,useTrial
FN:37,__vite_ssr_import_1__.onSnapshot.setInfo.status
FNF:3
FNH:3
FNDA:3,calcDaysLeft
FNDA:17,useTrial
FNDA:6,__vite_ssr_import_1__.onSnapshot.setInfo.status
DA:1,1
DA:15,3
DA:16,3
DA:17,3
DA:18,3
DA:19,3
DA:20,3
DA:22,1
DA:23,17
DA:24,17
DA:25,17
DA:26,17
DA:27,17
DA:29,17
DA:30,9
DA:31,1
DA:32,1
DA:33,1
DA:35,8
DA:36,8
DA:37,8
DA:38,6
DA:39,1
DA:40,1
DA:41,1
DA:43,5
DA:44,5
DA:45,6
DA:46,6
DA:48,6
DA:49,1
DA:50,1
DA:51,1
DA:53,6
DA:54,1
DA:55,1
DA:56,1
DA:58,3
DA:60,6
DA:61,1
DA:62,6
DA:63,1
DA:64,1
DA:65,1
DA:66,1
DA:67,6
DA:68,8
DA:69,1
DA:70,1
DA:73,8
DA:74,17
DA:76,17
DA:77,17
LF:53
LH:53
BRDA:15,0,0,3
BRDA:22,1,0,17
BRDA:29,2,0,9
BRDA:30,3,0,1
BRDA:33,4,0,8
BRDA:37,5,0,6
BRDA:38,6,0,1
BRDA:41,7,0,5
BRDA:45,8,0,0
BRDA:48,9,0,5
BRDA:48,10,0,1
BRDA:51,11,0,4
BRDA:53,12,0,1
BRDA:56,13,0,3
BRDA:60,14,0,1
BRDA:62,15,0,2
BRDA:62,16,0,1
BRDA:68,17,0,1
BRF:18
BRH:17
end_of_record
TN:
SF:src/lib/utils.ts
FN:4,cn
FN:9,cnpjDigits
FN:17,formatCnpj
FNF:3
FNH:3
FNDA:907,cn
FNDA:12,cnpjDigits
FNDA:9,formatCnpj
DA:1,1
DA:4,1
DA:5,907
DA:6,907
DA:8,1
DA:9,1
DA:10,12
DA:11,12
DA:13,1
DA:16,1
DA:17,1
DA:18,9
DA:19,9
DA:20,9
DA:21,9
DA:22,9
DA:23,2
DA:24,2
LF:18
LH:18
BRDA:4,0,0,907
BRDA:9,1,0,12
BRDA:17,2,0,9
BRDA:19,3,0,2
BRDA:19,4,0,7
BRDA:20,5,0,2
BRDA:20,6,0,5
BRDA:21,7,0,2
BRDA:21,8,0,3
BRDA:22,9,0,1
BRDA:22,10,0,2
BRF:11
BRH:11
end_of_record
TN:
SF:src/pages/AddToQueue.tsx
FN:18,AddToQueue
FN:36,addToQueue
FN:107,AddToQueue.__vite_ssr_import_0__.jsxDEV.children.__vite_ssr_import_0__.jsxDEV.children.__vite_ssr_import_0__.jsxDEV.children.__vite_ssr_import_0__.jsxDEV.children.__vite_ssr_import_0__.jsxDEV.children.__vite_ssr_import_0__.jsxDEV.children.__vite_ssr_import_0__.jsxDEV.onChange
FN:118,onChange
FN:128,onChange
FN:140,onChange
FNF:6
FNH:4
FNDA:11,AddToQueue
FNDA:3,addToQueue
FNDA:1,AddToQueue.__vite_ssr_import_0__.jsxDEV.children.__vite_ssr_import_0__.jsxDEV.children.__vite_ssr_import_0__.jsxDEV.children.__vite_ssr_import_0__.jsxDEV.children.__vite_ssr_import_0__.jsxDEV.children.__vite_ssr_import_0__.jsxDEV.children.__vite_ssr_import_0__.jsxDEV.onChange
FNDA:2,onChange
FNDA:0,onChange
FNDA:0,onChange
DA:1,1
DA:2,1
DA:3,1
DA:4,1
DA:5,1
DA:6,1
DA:7,1
DA:8,1
DA:9,1
DA:10,1
DA:11,1
DA:15,1
DA:18,1
DA:19,11
DA:20,11
DA:21,11
DA:22,11
DA:23,11
DA:24,11
DA:25,11
DA:27,11
DA:28,11
DA:29,11
DA:31,11
DA:32,11
DA:33,11
DA:34,11
DA:36,11
DA:37,3
DA:38,1
DA:39,1
DA:40,1
DA:41,0
DA:42,1
DA:43,1
DA:44,1
DA:45,1
DA:46,1
DA:48,2
DA:49,2
DA:50,2
DA:51,2
DA:52,2
DA:53,2
DA:54,2
DA:55,3
DA:56,3
DA:57,3
DA:59,3
DA:60,3
DA:61,3
DA:62,3
DA:65,3
DA:66,1
DA:67,1
DA:68,1
DA:69,1
DA:70,1
DA:71,1
DA:72,1
DA:74,1
DA:76,1
DA:77,1
DA:78,1
DA:80,1
DA:81,1
DA:82,1
DA:83,1
DA:85,1
DA:86,1
DA:88,11
DA:89,11
DA:90,11
DA:92,11
DA:93,11
DA:94,11
DA:95,11
DA:96,11
DA:97,11
DA:101,11
DA:102,11
DA:103,11
DA:104,11
DA:105,11
DA:106,11
DA:107,11
DA:108,11
DA:109,11
DA:110,11
DA:113,11
DA:114,11
DA:115,11
DA:116,11
DA:117,11
DA:118,11
DA:119,11
DA:120,11
DA:123,11
DA:124,11
DA:125,11
DA:126,11
DA:127,11
DA:128,11
DA:129,11
DA:130,11
DA:133,11
DA:134,11
DA:137,11
DA:138,11
DA:139,11
DA:140,11
DA:141,11
DA:142,11
DA:145,11
DA:146,11
DA:147,11
DA:148,11
DA:149,11
DA:150,11
DA:151,11
DA:153,11
DA:154,11
DA:158,11
DA:159,11
DA:168,11
DA:170,1
LF:126
LH:125
BRDA:18,0,0,11
BRDA:29,1,0,3
BRDA:29,2,0,8
BRDA:29,3,0,1
BRDA:107,4,0,3
BRDA:107,5,0,8
BRDA:109,6,0,3
BRDA:109,7,0,8
BRDA:110,8,0,8
BRDA:110,9,0,3
BRDA:36,10,0,3
BRDA:37,11,0,1
BRDA:40,12,0,0
BRDA:46,13,0,2
BRDA:63,14,0,1
BRDA:65,15,0,1
BRDA:107,16,0,1
BRDA:118,17,0,2
BRF:18
BRH:17
end_of_record
TN:
SF:src/pages/GuestSignIn.tsx
FN:13,GuestSignIn
FN:22,handleGuestSignIn
FN:78,onChange
FNF:3
FNH:3
FNDA:16,GuestSignIn
FNDA:3,handleGuestSignIn
FNDA:4,onChange
DA:1,1
DA:2,1
DA:3,1
DA:4,1
DA:5,1
DA:6,1
DA:7,1
DA:8,1
DA:9,1
DA:10,1
DA:13,1
DA:14,16
DA:15,16
DA:16,16
DA:17,16
DA:18,16
DA:20,16
DA:22,16
DA:23,3
DA:24,3
DA:26,3
DA:27,3
DA:29,1
DA:30,1
DA:31,1
DA:32,1
DA:33,1
DA:34,1
DA:35,1
DA:36,1
DA:38,1
DA:39,3
DA:40,3
DA:41,1
DA:42,1
DA:43,1
DA:44,1
DA:45,1
DA:46,3
DA:47,2
DA:48,2
DA:49,3
DA:51,16
DA:52,16
DA:53,16
DA:54,16
DA:55,16
DA:56,16
DA:57,16
DA:59,16
DA:62,16
DA:67,16
DA:68,16
DA:69,16
DA:70,16
DA:73,16
DA:74,16
DA:75,16
DA:76,16
DA:77,16
DA:78,16
DA:79,16
DA:80,16
DA:84,16
DA:85,16
DA:86,16
DA:87,16
DA:89,16
DA:93,16
DA:94,16
DA:95,16
DA:96,16
DA:97,16
DA:98,16
DA:101,16
DA:102,16
DA:103,16
DA:104,16
DA:105,16
DA:113,16
DA:115,1
LF:81
LH:81
BRDA:13,0,0,16
BRDA:87,1,0,13
BRDA:89,2,0,3
BRDA:89,3,0,13
BRDA:96,4,0,0
BRDA:103,5,0,0
BRDA:22,6,0,3
BRDA:27,7,0,1
BRDA:40,8,0,1
BRDA:43,9,0,0
BRDA:46,10,0,2
BRDA:78,11,0,4
BRF:12
BRH:9
end_of_record
TN:
SF:src/pages/Home.tsx
FN:21,Home
FN:41,nextSinger
FN:63,finishSinging
FNF:3
FNH:3
FNDA:18,Home
FNDA:2,nextSinger
FNDA:1,finishSinging
DA:1,1
DA:2,1
DA:3,1
DA:4,1
DA:5,1
DA:6,1
DA:7,1
DA:8,1
DA:9,1
DA:10,1
DA:18,1
DA:21,1
DA:22,18
DA:23,18
DA:24,18
DA:25,18
DA:26,18
DA:28,18
DA:29,9
DA:30,9
DA:31,9
DA:32,9
DA:33,9
DA:35,9
DA:36,9
DA:37,9
DA:38,9
DA:39,18
DA:41,18
DA:42,2
DA:44,2
DA:45,1
DA:46,1
DA:47,1
DA:48,1
DA:49,1
DA:50,1
DA:51,1
DA:53,1
DA:54,1
DA:55,1
DA:57,1
DA:58,1
DA:59,1
DA:60,1
DA:61,1
DA:63,18
DA:64,1
DA:66,1
DA:67,1
DA:68,1
DA:69,1
DA:70,1
DA:71,1
DA:74,18
DA:75,18
DA:76,18
DA:78,18
DA:79,18
DA:81,18
DA:82,18
DA:83,18
DA:84,18
DA:88,18
DA:89,18
DA:90,3
DA:91,3
DA:92,3
DA:94,3
DA:95,3
DA:97,3
DA:98,3
DA:99,3
DA:100,3
DA:101,3
DA:102,3
DA:103,3
DA:105,3
DA:110,3
DA:111,3
DA:112,3
DA:113,3
DA:114,3
DA:115,3
DA:116,3
DA:117,3
DA:118,3
DA:119,3
DA:120,3
DA:121,3
DA:123,3
DA:128,3
DA:129,3
DA:130,3
DA:131,3
DA:132,3
DA:133,3
DA:134,3
DA:140,18
DA:148,18
DA:149,18
DA:150,18
DA:151,18
DA:152,18
DA:154,18
DA:155,18
DA:156,18
DA:161,18
DA:162,18
DA:163,14
DA:167,18
DA:168,18
DA:169,18
DA:170,18
DA:171,18
DA:173,18
DA:174,18
DA:176,18
DA:177,18
DA:178,18
DA:179,18
DA:182,18
DA:183,18
DA:184,18
DA:185,18
DA:186,18
DA:187,18
DA:189,18
DA:202,18
DA:204,1
LF:130
LH:130
BRDA:21,0,0,18
BRDA:89,1,0,3
BRDA:110,2,0,2
BRDA:128,3,0,2
BRDA:154,4,0,4
BRDA:154,5,0,3
BRDA:162,6,0,14
BRDA:28,7,0,9
BRDA:35,8,0,9
BRDA:41,9,0,2
BRDA:42,10,0,0
BRDA:44,11,0,1
BRDA:63,12,0,1
BRDA:64,13,0,0
BRF:14
BRH:12
end_of_record
TN:
SF:src/pages/Login.tsx
FN:12,Login
FN:22,getDestination
FN:29,handleEmailLogin
FN:75,onChange
FN:91,onChange
FNF:5
FNH:5
FNDA:18,Login
FNDA:1,getDestination
FNDA:3,handleEmailLogin
FNDA:3,onChange
FNDA:3,onChange
DA:1,1
DA:2,1
DA:3,1
DA:4,1
DA:5,1
DA:6,1
DA:7,1
DA:8,1
DA:9,1
DA:10,1
DA:12,1
DA:13,18
DA:14,18
DA:15,18
DA:16,18
DA:17,18
DA:18,18
DA:20,18
DA:22,18
DA:23,1
DA:24,1
DA:25,1
DA:26,1
DA:27,1
DA:29,18
DA:30,3
DA:31,3
DA:33,3
DA:34,3
DA:35,1
DA:36,3
DA:37,3
DA:38,2
DA:39,2
DA:40,2
DA:41,2
DA:42,2
DA:43,2
DA:44,2
DA:45,2
DA:46,3
DA:48,18
DA:49,18
DA:50,18
DA:51,18
DA:52,18
DA:53,18
DA:54,18
DA:56,18
DA:59,18
DA:64,18
DA:65,18
DA:66,18
DA:67,18
DA:70,18
DA:71,18
DA:72,18
DA:73,18
DA:74,18
DA:75,18
DA:76,18
DA:77,18
DA:81,18
DA:82,18
DA:83,18
DA:86,18
DA:87,18
DA:88,18
DA:89,18
DA:90,18
DA:91,18
DA:92,18
DA:93,18
DA:97,18
DA:98,18
DA:99,18
DA:100,18
DA:102,18
DA:106,18
DA:107,18
DA:108,18
DA:113,18
DA:114,18
DA:115,18
DA:116,18
DA:117,18
DA:118,18
DA:126,18
DA:128,1
LF:89
LH:89
BRDA:12,0,0,18
BRDA:102,1,0,3
BRDA:102,2,0,15
BRDA:108,3,0,0
BRDA:116,4,0,0
BRDA:22,5,0,1
BRDA:23,6,0,0
BRDA:25,7,0,0
BRDA:26,8,0,0
BRDA:26,9,0,0
BRDA:29,10,0,3
BRDA:34,11,0,1
BRDA:36,12,0,0
BRDA:37,13,0,2
BRDA:75,14,0,3
BRDA:91,15,0,3
BRF:16
BRH:9
end_of_record
TN:
SF:src/pages/NotFound.tsx
FN:4,NotFound
FNF:1
FNH:1
FNDA:3,NotFound
DA:1,1
DA:2,1
DA:4,1
DA:5,3
DA:7,3
DA:8,3
DA:9,3
DA:11,3
DA:12,3
DA:13,3
DA:14,3
DA:15,3
DA:16,3
DA:22,3
DA:24,1
LF:15
LH:15
BRDA:4,0,0,3
BRDA:7,1,0,3
BRF:2
BRH:2
end_of_record
TN:
SF:src/pages/Settings.tsx
FN:8,Settings
FN:37,onClick
FN:48,onClick
FNF:3
FNH:3
FNDA:6,Settings
FNDA:1,onClick
FNDA:1,onClick
DA:1,1
DA:2,1
DA:4,1
DA:5,1
DA:6,1
DA:8,1
DA:9,6
DA:11,6
DA:12,6
DA:13,6
DA:15,6
DA:16,6
DA:17,6
DA:18,6
DA:19,6
DA:25,6
DA:26,6
DA:27,6
DA:28,6
DA:32,6
DA:33,6
DA:34,6
DA:35,6
DA:36,6
DA:37,6
DA:38,6
DA:39,6
DA:40,4
DA:41,2
DA:42,6
DA:44,6
DA:45,6
DA:47,6
DA:48,6
DA:49,6
DA:50,6
DA:51,2
DA:52,4
DA:53,6
DA:55,6
DA:56,6
DA:64,6
DA:65,6
DA:66,6
DA:68,6
DA:69,6
DA:70,6
DA:72,6
DA:79,6
DA:81,1
LF:50
LH:50
BRDA:8,0,0,6
BRDA:39,1,0,4
BRDA:40,2,0,2
BRDA:50,3,0,2
BRDA:51,4,0,4
BRDA:37,5,0,1
BRDA:48,6,0,1
BRF:7
BRH:7
end_of_record
TN:
SF:src/pages/SignUp.tsx
FN:17,SignUp
FN:30,getDestination
FN:37,handleSingerSubmit
FN:70,handleOwnerSubmit
FN:145,onClick
FN:157,onClick
FN:182,onChange
FN:198,onChange
FN:214,onChange
FN:251,onChange
FN:267,onChange
FN:283,onChange
FNF:12
FNH:10
FNDA:57,SignUp
FNDA:0,getDestination
FNDA:2,handleSingerSubmit
FNDA:2,handleOwnerSubmit
FNDA:0,onClick
FNDA:8,onClick
FNDA:4,onChange
FNDA:4,onChange
FNDA:4,onChange
FNDA:4,onChange
FNDA:4,onChange
FNDA:4,onChange
DA:1,1
DA:2,1
DA:3,1
DA:4,1
DA:5,1
DA:6,1
DA:7,1
DA:8,1
DA:9,1
DA:10,1
DA:17,1
DA:18,57
DA:19,57
DA:20,57
DA:21,57
DA:22,57
DA:23,57
DA:24,57
DA:25,57
DA:26,57
DA:28,57
DA:30,57
DA:31,0
DA:32,0
DA:33,0
DA:34,0
DA:35,0
DA:37,57
DA:38,2
DA:39,2
DA:40,2
DA:41,2
DA:42,2
DA:44,2
DA:45,2
DA:46,2
DA:47,2
DA:48,2
DA:49,2
DA:50,2
DA:51,2
DA:52,2
DA:54,2
DA:55,2
DA:56,2
DA:57,2
DA:58,2
DA:59,2
DA:60,0
DA:61,0
DA:62,0
DA:63,0
DA:64,0
DA:65,2
DA:66,2
DA:67,2
DA:68,2
DA:70,57
DA:71,2
DA:72,2
DA:74,2
DA:75,2
DA:76,2
DA:78,2
DA:79,2
DA:80,2
DA:81,2
DA:82,2
DA:83,2
DA:84,2
DA:85,2
DA:87,2
DA:88,2
DA:89,2
DA:90,2
DA:91,2
DA:92,2
DA:93,2
DA:94,2
DA:95,2
DA:96,2
DA:97,2
DA:99,2
DA:100,2
DA:101,2
DA:102,2
DA:103,2
DA:104,2
DA:105,0
DA:106,0
DA:107,0
DA:108,0
DA:109,0
DA:110,2
DA:111,2
DA:112,2
DA:113,2
DA:114,57
DA:115,57
DA:116,16
DA:117,12
DA:119,57
DA:120,57
DA:121,16
DA:122,12
DA:125,57
DA:126,57
DA:127,57
DA:128,57
DA:129,57
DA:130,57
DA:131,57
DA:133,57
DA:136,57
DA:142,57
DA:143,57
DA:144,57
DA:145,57
DA:146,57
DA:147,57
DA:148,33
DA:149,24
DA:150,57
DA:152,57
DA:155,57
DA:156,57
DA:157,57
DA:158,57
DA:159,57
DA:160,24
DA:161,33
DA:162,57
DA:164,57
DA:169,57
DA:170,33
DA:171,33
DA:172,33
DA:173,33
DA:174,33
DA:177,33
DA:178,33
DA:179,33
DA:180,33
DA:181,33
DA:182,33
DA:183,33
DA:184,33
DA:188,33
DA:189,33
DA:190,33
DA:193,33
DA:194,33
DA:195,33
DA:196,33
DA:197,33
DA:198,33
DA:199,33
DA:200,33
DA:204,33
DA:205,33
DA:206,33
DA:209,33
DA:210,33
DA:211,33
DA:212,33
DA:213,33
DA:214,33
DA:215,33
DA:216,33
DA:217,33
DA:221,33
DA:222,33
DA:223,33
DA:224,33
DA:225,33
DA:227,33
DA:231,33
DA:232,33
DA:233,33
DA:239,33
DA:240,57
DA:241,57
DA:242,57
DA:243,57
DA:246,57
DA:247,57
DA:248,57
DA:249,57
DA:250,57
DA:251,57
DA:252,57
DA:253,57
DA:257,57
DA:258,57
DA:259,57
DA:262,57
DA:263,57
DA:264,57
DA:265,57
DA:266,57
DA:267,57
DA:268,57
DA:269,57
DA:273,57
DA:274,57
DA:275,57
DA:278,57
DA:279,57
DA:280,57
DA:281,57
DA:282,57
DA:283,57
DA:284,57
DA:285,57
DA:286,57
DA:290,57
DA:291,57
DA:292,57
DA:293,57
DA:294,57
DA:296,57
DA:300,57
DA:301,57
DA:302,57
DA:312,57
DA:314,1
LF:226
LH:211
BRDA:17,0,0,57
BRDA:115,1,0,16
BRDA:116,2,0,12
BRDA:120,3,0,16
BRDA:121,4,0,12
BRDA:147,5,0,33
BRDA:148,6,0,24
BRDA:159,7,0,24
BRDA:160,8,0,33
BRDA:169,9,0,33
BRDA:225,10,0,31
BRDA:227,11,0,2
BRDA:227,12,0,31
BRDA:294,13,0,22
BRDA:296,14,0,2
BRDA:296,15,0,22
BRDA:37,16,0,2
BRDA:46,17,0,0
BRDA:58,18,0,0
BRDA:59,19,0,0
BRDA:70,20,0,2
BRDA:80,21,0,0
BRDA:104,22,0,0
BRDA:157,23,0,8
BRDA:182,24,0,4
BRDA:198,25,0,4
BRDA:214,26,0,4
BRDA:251,27,0,4
BRDA:267,28,0,4
BRDA:283,29,0,4
BRF:30
BRH:25
end_of_record
TN:
SF:src/services/queueService.ts
FN:24,queueCol
FN:28,stageDoc
FN:32,subscribeToQueue
FN:54,subscribeToOnStageSinger
FN:85,isStageEngaged
FN:94,removeSingerFromStage
FN:110,putSingerOnStage
FN:128,markSingerAsAlreadySangById
FN:136,findSingerInQueue
FN:155,addSingerToQueue
FNF:10
FNH:10
FNDA:6,queueCol
FNDA:9,stageDoc
FNDA:3,subscribeToQueue
FNDA:4,subscribeToOnStageSinger
FNDA:4,isStageEngaged
FNDA:1,removeSingerFromStage
FNDA:2,putSingerOnStage
FNDA:1,markSingerAsAlreadySangById
FNDA:3,findSingerInQueue
FNDA:1,addSingerToQueue
DA:1,1
DA:22,1
DA:24,6
DA:25,6
DA:26,6
DA:28,9
DA:29,9
DA:30,9
DA:32,1
DA:33,3
DA:34,3
DA:35,3
DA:37,3
DA:39,2
DA:40,2
DA:41,2
DA:42,2
DA:45,2
DA:46,1
DA:47,1
DA:48,1
DA:49,1
DA:50,1
DA:51,1
DA:52,2
DA:54,1
DA:55,4
DA:56,4
DA:57,4
DA:59,4
DA:61,3
DA:62,3
DA:63,1
DA:64,1
DA:65,1
DA:66,2
DA:67,3
DA:68,1
DA:69,1
DA:70,1
DA:71,1
DA:72,1
DA:73,1
DA:74,1
DA:75,1
DA:76,3
DA:77,3
DA:78,3
DA:79,3
DA:80,3
DA:81,3
DA:82,3
DA:83,3
DA:85,1
DA:86,4
DA:87,4
DA:89,4
DA:90,3
DA:91,4
DA:92,4
DA:94,1
DA:95,1
DA:96,1
DA:98,1
DA:99,1
DA:100,1
DA:101,1
DA:102,1
DA:103,1
DA:104,1
DA:105,1
DA:106,1
DA:107,1
DA:108,1
DA:110,1
DA:111,2
DA:112,2
DA:113,2
DA:115,2
DA:116,2
DA:117,2
DA:118,2
DA:119,2
DA:120,2
DA:121,2
DA:122,2
DA:123,2
DA:124,2
DA:125,2
DA:126,2
DA:128,1
DA:129,1
DA:130,1
DA:131,1
DA:133,1
DA:134,1
DA:136,1
DA:137,3
DA:138,3
DA:139,3
DA:141,3
DA:142,1
DA:143,1
DA:144,1
DA:146,2
DA:147,2
DA:148,2
DA:149,2
DA:150,2
DA:153,2
DA:155,1
DA:156,1
DA:157,1
DA:158,1
DA:160,1
DA:161,1
LF:116
LH:116
BRDA:24,0,0,6
BRDA:28,1,0,9
BRDA:32,2,0,3
BRDA:37,3,0,1
BRDA:37,4,0,2
BRDA:45,5,0,1
BRDA:46,6,0,1
BRDA:54,7,0,4
BRDA:59,8,0,1
BRDA:59,9,0,3
BRDA:61,10,0,3
BRDA:62,11,0,1
BRDA:65,12,0,2
BRDA:67,13,0,1
BRDA:67,14,0,1
BRDA:76,15,0,0
BRDA:77,16,0,0
BRDA:79,17,0,0
BRDA:80,18,0,1
BRDA:80,19,0,0
BRDA:85,20,0,4
BRDA:89,21,0,1
BRDA:89,22,0,3
BRDA:91,23,0,2
BRDA:94,24,0,1
BRDA:110,25,0,2
BRDA:121,26,0,0
BRDA:128,27,0,1
BRDA:136,28,0,3
BRDA:141,29,0,1
BRDA:144,30,0,2
BRDA:155,31,0,1
BRF:32
BRH:27
end_of_record
TN:
SF:src/services/userService.ts
FN:15,subscribeToUser
FNF:1
FNH:1
FNDA:4,subscribeToUser
DA:1,1
DA:10,1
DA:14,1
DA:15,1
DA:16,4
DA:17,4
DA:18,4
DA:20,4
DA:22,4
DA:23,4
DA:24,4
DA:25,2
DA:26,1
DA:27,1
DA:28,1
DA:29,1
DA:30,1
DA:31,1
DA:32,1
DA:33,1
DA:34,4
DA:36,4
LF:22
LH:22
BRDA:15,0,0,4
BRDA:24,1,0,2
BRDA:25,2,0,1
BRDA:34,3,0,1
BRF:4
BRH:4
end_of_record
TN:
SF:src/types/queue.ts
FN:1,(empty-report)
FNF:1
FNH:1
FNDA:1,(empty-report)
DA:12,0
LF:1
LH:0
BRDA:1,0,0,1
BRF:1
BRH:1
end_of_record
TN:
SF:src/types/store.ts
FN:1,(empty-report)
FNF:1
FNH:1
FNDA:1,(empty-report)
DA:9,0
DA:12,0
DA:28,0
LF:3
LH:0
BRDA:1,0,0,1
BRF:1
BRH:1
end_of_record
TN:
SF:src/types/user.ts
FN:21,isOwner
FNF:1
FNH:1
FNDA:10,isOwner
DA:1,1
DA:4,1
DA:20,1
DA:21,1
DA:22,10
DA:23,10
LF:6
LH:6
BRDA:21,0,0,10
BRDA:22,1,0,9
BRDA:22,2,0,2
BRDA:22,3,0,1
BRF:4
BRH:4
end_of_record
