TN:
SF:src/App.tsx
FNF:0
FNH:0
DA:1,1
DA:2,1
DA:3,1
DA:4,1
DA:5,1
DA:6,1
DA:7,1
DA:8,1
DA:9,1
DA:10,1
DA:11,1
DA:12,1
DA:13,1
DA:14,1
DA:15,1
DA:16,1
DA:17,1
DA:19,1
DA:21,1
DA:22,1
DA:23,1
DA:24,1
DA:25,1
DA:26,1
DA:27,1
DA:28,1
DA:29,1
DA:30,1
DA:31,1
DA:33,1
DA:34,1
DA:35,1
DA:36,1
DA:39,1
DA:40,1
DA:41,1
DA:42,1
DA:45,1
DA:53,1
LF:39
LH:39
BRF:0
BRH:0
end_of_record
TN:
SF:src/constants.ts
FNF:0
FNH:0
DA:1,1
LF:1
LH:1
BRF:0
BRH:0
end_of_record
TN:
SF:src/firebase.ts
FNF:0
FNH:0
DA:1,1
DA:7,1
DA:8,1
DA:10,1
DA:11,1
DA:12,1
DA:13,1
DA:14,1
DA:15,1
DA:16,1
DA:17,1
DA:18,1
DA:19,1
DA:20,1
DA:21,1
DA:23,1
DA:24,1
DA:25,1
DA:27,1
DA:28,1
DA:29,1
DA:30,1
LF:22
LH:22
BRF:0
BRH:0
end_of_record
TN:
SF:src/components/Navigation.tsx
FN:14,Navigation
FN:70,className
FN:108,className
FNF:3
FNH:3
FNDA:5,Navigation
FNDA:18,className
FNDA:18,className
DA:1,1
DA:2,1
DA:3,1
DA:4,1
DA:14,1
DA:15,5
DA:16,5
DA:18,5
DA:19,5
DA:20,5
DA:21,5
DA:22,5
DA:24,5
DA:25,3
DA:26,5
DA:27,2
DA:28,2
DA:30,5
DA:31,5
DA:33,5
DA:34,5
DA:35,5
DA:36,5
DA:37,5
DA:38,5
DA:45,5
DA:46,5
DA:47,5
DA:48,5
DA:49,5
DA:50,5
DA:51,5
DA:54,5
DA:55,5
DA:56,5
DA:57,2
DA:58,2
DA:59,2
DA:60,2
DA:62,2
DA:63,2
DA:66,5
DA:67,5
DA:68,5
DA:69,5
DA:70,5
DA:71,18
DA:72,18
DA:73,5
DA:74,13
DA:75,5
DA:78,5
DA:79,5
DA:89,5
DA:90,5
DA:91,5
DA:92,5
DA:93,2
DA:94,2
DA:95,2
DA:96,2
DA:98,2
DA:99,2
DA:101,2
DA:104,5
DA:105,5
DA:106,5
DA:107,5
DA:108,5
DA:109,18
DA:110,18
DA:111,5
DA:112,13
DA:113,5
DA:116,5
DA:117,5
DA:118,5
DA:119,5
DA:120,5
DA:121,5
DA:123,5
DA:125,5
DA:135,5
DA:136,5
DA:139,5
DA:141,1
LF:86
LH:86
BRDA:14,0,0,5
BRDA:24,1,0,3
BRDA:26,2,0,2
BRDA:56,3,0,2
BRDA:70,4,0,18
BRDA:72,5,0,5
BRDA:73,6,0,13
BRDA:92,7,0,2
BRDA:108,8,0,18
BRDA:110,9,0,5
BRDA:111,10,0,13
BRDA:120,11,0,5
BRDA:120,12,0,13
BRF:13
BRH:13
end_of_record
TN:
SF:src/components/OwnerLayout.tsx
FN:8,OwnerLayout
FNF:1
FNH:1
FNDA:14,OwnerLayout
DA:1,1
DA:8,1
DA:9,14
DA:10,14
DA:11,14
DA:13,14
DA:15,14
DA:17,14
DA:18,1
DA:19,1
DA:21,14
DA:22,1
DA:23,1
DA:24,1
DA:27,1
DA:29,3
DA:30,3
LF:17
LH:17
BRDA:8,0,0,14
BRDA:13,1,0,12
BRDA:13,2,0,8
BRDA:13,3,0,6
BRDA:17,4,0,2
BRDA:17,5,0,2
BRDA:17,6,0,2
BRDA:17,7,0,1
BRDA:19,8,0,4
BRDA:21,9,0,1
BRDA:27,10,0,3
BRF:11
BRH:11
end_of_record
TN:
SF:src/components/ProtectedRoute.tsx
FN:4,ProtectedRoute
FNF:1
FNH:1
FNDA:4,ProtectedRoute
DA:1,1
DA:4,1
DA:5,4
DA:6,4
DA:8,4
DA:10,4
DA:11,2
DA:12,2
DA:13,2
DA:14,2
DA:17,2
DA:19,1
DA:20,1
LF:13
LH:13
BRDA:4,0,0,4
BRDA:8,1,0,1
BRDA:8,2,0,3
BRDA:10,3,0,2
BRDA:17,4,0,1
BRF:5
BRH:5
end_of_record
TN:
SF:src/components/ScrollToTop.tsx
FN:5,ScrollToTop
FNF:1
FNH:1
FNDA:2,ScrollToTop
DA:1,1
DA:5,1
DA:6,2
DA:8,2
DA:9,2
DA:10,2
DA:11,2
DA:12,2
DA:13,2
DA:15,2
DA:16,2
LF:11
LH:11
BRDA:5,0,0,2
BRDA:8,1,0,2
BRF:2
BRH:2
end_of_record
TN:
SF:src/components/TrialGuard.tsx
FN:11,TrialGuard
FNF:1
FNH:1
FNDA:8,TrialGuard
DA:1,1
DA:11,1
DA:12,8
DA:14,8
DA:16,8
DA:17,1
DA:18,1
DA:19,1
DA:20,1
DA:21,1
DA:23,1
DA:24,1
DA:25,1
DA:27,1
DA:28,1
DA:29,1
DA:31,1
DA:36,1
DA:38,6
DA:39,6
DA:40,8
DA:41,8
DA:42,8
DA:43,8
DA:44,2
DA:45,2
DA:46,8
DA:48,8
DA:49,8
DA:50,2
DA:51,8
DA:52,8
DA:57,8
DA:60,8
LF:34
LH:34
BRDA:11,0,0,8
BRDA:14,1,0,1
BRDA:14,2,0,7
BRDA:16,3,0,1
BRDA:36,4,0,6
BRDA:40,5,0,4
BRDA:43,6,0,2
BRDA:44,7,0,2
BRDA:49,8,0,2
BRDA:50,9,0,1
BRDA:50,10,0,1
BRDA:51,11,0,2
BRDA:51,12,0,0
BRDA:51,13,0,0
BRF:14
BRH:12
end_of_record
TN:
SF:src/contexts/ThemeContext.tsx
FN:12,ThemeProvider
FN:32,useTheme
FNF:2
FNH:2
FNDA:15,ThemeProvider
FNDA:16,useTheme
DA:1,1
DA:10,1
DA:12,1
DA:13,15
DA:14,12
DA:15,12
DA:16,12
DA:18,15
DA:19,15
DA:20,15
DA:21,15
DA:22,15
DA:23,15
DA:25,15
DA:26,15
DA:27,15
DA:30,15
DA:32,1
DA:33,16
DA:34,16
DA:35,4
DA:36,4
DA:37,11
DA:38,11
LF:24
LH:24
BRDA:12,0,0,15
BRDA:13,1,0,12
BRDA:15,2,0,5
BRDA:18,3,0,15
BRDA:32,4,0,16
BRDA:34,5,0,4
BRDA:36,6,0,11
BRF:7
BRH:7
end_of_record
TN:
SF:src/hooks/firebaseContext.tsx
FN:11,FirebaseProvider
FN:20,useFirebase
FNF:2
FNH:2
FNDA:6,FirebaseProvider
FNDA:5,useFirebase
DA:1,1
DA:9,1
DA:11,1
DA:12,6
DA:13,6
DA:14,6
DA:17,6
DA:19,1
DA:20,1
DA:21,5
DA:22,5
DA:23,4
DA:24,4
DA:25,1
DA:26,1
LF:15
LH:15
BRDA:11,0,0,6
BRDA:20,1,0,5
BRDA:22,2,0,4
BRDA:24,3,0,1
BRF:4
BRH:4
end_of_record
TN:
SF:src/hooks/use-mobile.tsx
FN:5,useIsMobile
FN:10,onChange
FNF:2
FNH:2
FNDA:9,useIsMobile
FNDA:1,onChange
DA:1,1
DA:3,1
DA:5,1
DA:6,9
DA:8,9
DA:9,4
DA:10,4
DA:11,1
DA:12,1
DA:13,4
DA:14,4
DA:15,4
DA:16,9
DA:18,9
DA:19,9
LF:15
LH:15
BRDA:5,0,0,9
BRDA:8,1,0,4
BRDA:10,2,0,1
BRDA:15,3,0,4
BRF:4
BRH:4
end_of_record
TN:
SF:src/hooks/use-toast.ts
FN:24,genId
FN:55,addToRemoveQueue
FN:71,reducer
FN:128,dispatch
FN:137,toast
FN:166,useToast
FN:182,dismiss
FNF:7
FNH:1
FNDA:0,genId
FNDA:0,addToRemoveQueue
FNDA:0,reducer
FNDA:0,dispatch
FNDA:0,toast
FNDA:4,useToast
FNDA:0,dismiss
DA:1,1
DA:5,1
DA:6,1
DA:15,1
DA:16,1
DA:17,1
DA:18,1
DA:19,1
DA:20,1
DA:22,1
DA:24,0
DA:25,0
DA:26,0
DA:27,0
DA:53,1
DA:55,1
DA:56,0
DA:57,0
DA:58,0
DA:60,0
DA:61,0
DA:62,0
DA:63,0
DA:64,0
DA:65,0
DA:66,0
DA:68,0
DA:69,0
DA:71,1
DA:72,0
DA:73,0
DA:74,0
DA:75,0
DA:76,0
DA:77,0
DA:79,0
DA:80,0
DA:81,0
DA:82,0
DA:83,0
DA:85,0
DA:86,0
DA:88,0
DA:89,0
DA:90,0
DA:91,0
DA:92,0
DA:93,0
DA:94,0
DA:95,0
DA:96,0
DA:98,0
DA:99,0
DA:100,0
DA:101,0
DA:102,0
DA:103,0
DA:104,0
DA:105,0
DA:106,0
DA:108,0
DA:109,0
DA:110,0
DA:111,0
DA:112,0
DA:113,0
DA:114,0
DA:115,0
DA:116,0
DA:117,0
DA:118,0
DA:119,0
DA:120,0
DA:121,0
DA:122,0
DA:124,1
DA:126,1
DA:128,0
DA:129,0
DA:130,0
DA:131,0
DA:132,0
DA:133,0
DA:137,0
DA:138,0
DA:140,0
DA:141,0
DA:142,0
DA:143,0
DA:144,0
DA:145,0
DA:147,0
DA:148,0
DA:149,0
DA:150,0
DA:151,0
DA:152,0
DA:153,0
DA:154,0
DA:155,0
DA:156,0
DA:157,0
DA:159,0
DA:160,0
DA:161,0
DA:162,0
DA:163,0
DA:164,0
DA:166,4
DA:167,4
DA:169,4
DA:170,4
DA:171,4
DA:172,4
DA:173,4
DA:174,4
DA:175,4
DA:176,4
DA:177,4
DA:179,4
DA:180,4
DA:181,4
DA:182,4
DA:183,4
DA:184,4
LF:125
LH:32
BRDA:166,0,0,4
BRDA:169,1,0,4
BRDA:171,2,0,4
BRF:3
BRH:3
end_of_record
TN:
SF:src/hooks/useCurrentUser.ts
FN:20,useCurrentUser
FN:49,logout
FNF:2
FNH:2
FNDA:9,useCurrentUser
FNDA:2,logout
DA:1,1
DA:20,1
DA:21,9
DA:22,9
DA:23,9
DA:24,9
DA:25,9
DA:26,9
DA:28,9
DA:29,7
DA:30,4
DA:31,4
DA:32,4
DA:33,1
DA:34,1
DA:35,1
DA:36,4
DA:37,2
DA:38,2
DA:39,2
DA:40,2
DA:41,2
DA:43,7
DA:44,7
DA:45,7
DA:46,7
DA:47,9
DA:49,9
DA:50,2
DA:51,2
DA:52,1
DA:53,1
DA:54,1
DA:55,1
DA:56,1
DA:57,1
DA:58,1
DA:59,1
DA:60,1
DA:61,1
DA:62,1
DA:63,2
DA:65,9
DA:66,9
DA:67,9
DA:68,9
DA:69,9
DA:70,9
DA:71,9
LF:49
LH:49
BRDA:20,0,0,9
BRDA:28,1,0,7
BRDA:29,2,0,4
BRDA:32,3,0,1
BRDA:36,4,0,2
BRDA:43,5,0,7
BRDA:44,6,0,2
BRDA:49,7,0,2
BRDA:51,8,0,1
BRF:9
BRH:9
end_of_record
TN:
SF:src/hooks/useStoreExists.ts
FN:11,useStoreExists
FNF:1
FNH:1
FNDA:51,useStoreExists
DA:1,1
DA:5,1
DA:10,1
DA:11,1
DA:12,51
DA:14,51
DA:15,21
DA:16,0
DA:17,0
DA:18,0
DA:19,21
DA:20,21
DA:21,21
DA:22,51
DA:24,51
DA:25,51
LF:16
LH:13
BRDA:11,0,0,51
BRDA:14,1,0,21
BRDA:15,2,0,0
BRDA:20,3,0,20
BRDA:21,4,0,1
BRF:5
BRH:4
end_of_record
TN:
SF:src/hooks/useTrial.ts
FN:15,calcDaysLeft
FN:22,useTrial
FN:37,__vite_ssr_import_1__.onSnapshot.setInfo.status
FNF:3
FNH:3
FNDA:3,calcDaysLeft
FNDA:17,useTrial
FNDA:6,__vite_ssr_import_1__.onSnapshot.setInfo.status
DA:1,1
DA:15,3
DA:16,3
DA:17,3
DA:18,3
DA:19,3
DA:20,3
DA:22,1
DA:23,17
DA:24,17
DA:25,17
DA:26,17
DA:27,17
DA:29,17
DA:30,9
DA:31,1
DA:32,1
DA:33,1
DA:35,8
DA:36,8
DA:37,8
DA:38,6
DA:39,1
DA:40,1
DA:41,1
DA:43,5
DA:44,5
DA:45,6
DA:46,6
DA:48,6
DA:49,1
DA:50,1
DA:51,1
DA:53,6
DA:54,1
DA:55,1
DA:56,1
DA:58,3
DA:60,6
DA:61,1
DA:62,6
DA:63,1
DA:64,1
DA:65,1
DA:66,1
DA:67,6
DA:68,8
DA:69,1
DA:70,1
DA:73,8
DA:74,17
DA:76,17
DA:77,17
LF:53
LH:53
BRDA:15,0,0,3
BRDA:22,1,0,17
BRDA:29,2,0,9
BRDA:30,3,0,1
BRDA:33,4,0,8
BRDA:37,5,0,6
BRDA:38,6,0,1
BRDA:41,7,0,5
BRDA:45,8,0,0
BRDA:48,9,0,5
BRDA:48,10,0,1
BRDA:51,11,0,4
BRDA:53,12,0,1
BRDA:56,13,0,3
BRDA:60,14,0,1
BRDA:62,15,0,2
BRDA:62,16,0,1
BRDA:68,17,0,1
BRF:18
BRH:17
end_of_record
TN:
SF:src/lib/utils.ts
FN:4,cn
FN:9,cnpjDigits
FN:17,formatCnpj
FNF:3
FNH:3
FNDA:1455,cn
FNDA:12,cnpjDigits
FNDA:9,formatCnpj
DA:1,1
DA:4,1
DA:5,1455
DA:6,1455
DA:8,1
DA:9,1
DA:10,12
DA:11,12
DA:13,1
DA:16,1
DA:17,1
DA:18,9
DA:19,9
DA:20,9
DA:21,9
DA:22,9
DA:23,2
DA:24,2
LF:18
LH:18
BRDA:4,0,0,1455
BRDA:9,1,0,12
BRDA:17,2,0,9
BRDA:19,3,0,2
BRDA:19,4,0,7
BRDA:20,5,0,2
BRDA:20,6,0,5
BRDA:21,7,0,2
BRDA:21,8,0,3
BRDA:22,9,0,1
BRDA:22,10,0,2
BRF:11
BRH:11
end_of_record
TN:
SF:src/pages/AddToQueue.tsx
FN:21,AddToQueue
FN:40,addToQueue
FN:135,AddToQueue.__vite_ssr_import_0__.jsxDEV.children.__vite_ssr_import_0__.jsxDEV.children.__vite_ssr_import_0__.jsxDEV.children.__vite_ssr_import_0__.jsxDEV.children.__vite_ssr_import_0__.jsxDEV.children.__vite_ssr_import_0__.jsxDEV.children.__vite_ssr_import_0__.jsxDEV.onChange
FN:146,onChange
FN:156,onChange
FN:168,onChange
FNF:6
FNH:4
FNDA:37,AddToQueue
FNDA:9,addToQueue
FNDA:1,AddToQueue.__vite_ssr_import_0__.jsxDEV.children.__vite_ssr_import_0__.jsxDEV.children.__vite_ssr_import_0__.jsxDEV.children.__vite_ssr_import_0__.jsxDEV.children.__vite_ssr_import_0__.jsxDEV.children.__vite_ssr_import_0__.jsxDEV.children.__vite_ssr_import_0__.jsxDEV.onChange
FNDA:8,onChange
FNDA:0,onChange
FNDA:0,onChange
DA:1,1
DA:2,1
DA:3,1
DA:4,1
DA:5,1
DA:6,1
DA:7,1
DA:8,1
DA:9,1
DA:10,1
DA:11,1
DA:15,1
DA:16,1
DA:17,1
DA:18,1
DA:21,1
DA:22,37
DA:23,37
DA:24,37
DA:25,37
DA:26,37
DA:27,37
DA:28,37
DA:29,37
DA:31,37
DA:32,37
DA:33,37
DA:35,37
DA:36,37
DA:37,37
DA:38,37
DA:40,37
DA:41,9
DA:42,9
DA:43,9
DA:44,9
DA:45,1
DA:46,1
DA:47,1
DA:48,1
DA:49,1
DA:50,1
DA:51,1
DA:53,9
DA:54,4
DA:55,4
DA:56,4
DA:57,4
DA:58,4
DA:59,4
DA:60,4
DA:62,9
DA:63,1
DA:64,1
DA:65,1
DA:66,0
DA:67,1
DA:68,1
DA:69,1
DA:70,1
DA:71,1
DA:73,3
DA:74,3
DA:75,3
DA:76,3
DA:77,3
DA:78,3
DA:79,3
DA:80,9
DA:81,9
DA:82,9
DA:84,9
DA:85,9
DA:86,9
DA:87,9
DA:90,9
DA:91,1
DA:92,1
DA:93,1
DA:94,1
DA:95,1
DA:96,1
DA:97,1
DA:99,2
DA:101,2
DA:102,2
DA:103,2
DA:105,2
DA:106,2
DA:107,2
DA:108,2
DA:110,2
DA:111,2
DA:113,37
DA:114,37
DA:116,37
DA:117,37
DA:118,37
DA:120,37
DA:121,37
DA:122,37
DA:123,37
DA:124,37
DA:125,37
DA:129,37
DA:130,37
DA:131,37
DA:132,37
DA:133,37
DA:134,37
DA:135,37
DA:136,37
DA:137,37
DA:138,37
DA:141,37
DA:142,37
DA:143,37
DA:144,37
DA:145,37
DA:146,37
DA:147,37
DA:148,37
DA:151,37
DA:152,37
DA:153,37
DA:154,37
DA:155,37
DA:156,37
DA:157,37
DA:158,37
DA:161,37
DA:162,37
DA:165,37
DA:166,37
DA:167,37
DA:168,37
DA:169,37
DA:170,37
DA:173,37
DA:174,37
DA:175,37
DA:176,37
DA:177,37
DA:178,37
DA:179,37
DA:181,37
DA:182,37
DA:186,37
DA:187,37
DA:196,37
DA:198,1
LF:151
LH:150
BRDA:21,0,0,37
BRDA:33,1,0,5
BRDA:33,2,0,32
BRDA:33,3,0,2
BRDA:113,4,0,14
BRDA:113,5,0,23
BRDA:135,6,0,3
BRDA:135,7,0,20
BRDA:137,8,0,3
BRDA:137,9,0,20
BRDA:138,10,0,20
BRDA:138,11,0,3
BRDA:175,12,0,23
BRDA:40,13,0,9
BRDA:43,14,0,8
BRDA:44,15,0,1
BRDA:51,16,0,8
BRDA:53,17,0,5
BRDA:53,18,0,4
BRDA:62,19,0,1
BRDA:65,20,0,0
BRDA:71,21,0,3
BRDA:88,22,0,1
BRDA:90,23,0,1
BRDA:97,24,0,2
BRDA:135,25,0,1
BRDA:146,26,0,8
BRF:27
BRH:26
end_of_record
TN:
SF:src/pages/GuestSignIn.tsx
FN:13,GuestSignIn
FN:22,handleGuestSignIn
FN:78,onChange
FNF:3
FNH:3
FNDA:16,GuestSignIn
FNDA:3,handleGuestSignIn
FNDA:4,onChange
DA:1,1
DA:2,1
DA:3,1
DA:4,1
DA:5,1
DA:6,1
DA:7,1
DA:8,1
DA:9,1
DA:10,1
DA:13,1
DA:14,16
DA:15,16
DA:16,16
DA:17,16
DA:18,16
DA:20,16
DA:22,16
DA:23,3
DA:24,3
DA:26,3
DA:27,3
DA:29,1
DA:30,1
DA:31,1
DA:32,1
DA:33,1
DA:34,1
DA:35,1
DA:36,1
DA:38,1
DA:39,3
DA:40,3
DA:41,1
DA:42,1
DA:43,1
DA:44,1
DA:45,1
DA:46,3
DA:47,2
DA:48,2
DA:49,3
DA:51,16
DA:52,16
DA:53,16
DA:54,16
DA:55,16
DA:56,16
DA:57,16
DA:59,16
DA:62,16
DA:67,16
DA:68,16
DA:69,16
DA:70,16
DA:73,16
DA:74,16
DA:75,16
DA:76,16
DA:77,16
DA:78,16
DA:79,16
DA:80,16
DA:84,16
DA:85,16
DA:86,16
DA:87,16
DA:89,16
DA:93,16
DA:94,16
DA:95,16
DA:96,16
DA:97,16
DA:98,16
DA:101,16
DA:102,16
DA:103,16
DA:104,16
DA:105,16
DA:113,16
DA:115,1
LF:81
LH:81
BRDA:13,0,0,16
BRDA:87,1,0,13
BRDA:89,2,0,3
BRDA:89,3,0,13
BRDA:96,4,0,0
BRDA:103,5,0,0
BRDA:22,6,0,3
BRDA:27,7,0,1
BRDA:40,8,0,1
BRDA:43,9,0,0
BRDA:46,10,0,2
BRDA:78,11,0,4
BRF:12
BRH:9
end_of_record
TN:
SF:src/pages/Home.tsx
FN:28,Home
FN:55,handleOpenSession
FN:66,handleCloseSession
FN:78,nextSinger
FN:100,finishSinging
FNF:5
FNH:5
FNDA:34,Home
FNDA:1,handleOpenSession
FNDA:2,handleCloseSession
FNDA:2,nextSinger
FNDA:1,finishSinging
DA:1,1
DA:2,1
DA:3,1
DA:4,1
DA:5,1
DA:6,1
DA:7,1
DA:8,1
DA:9,1
DA:10,1
DA:18,1
DA:23,1
DA:28,1
DA:29,34
DA:30,34
DA:31,34
DA:32,34
DA:33,34
DA:34,34
DA:36,34
DA:37,17
DA:38,17
DA:39,17
DA:40,17
DA:41,17
DA:43,17
DA:44,17
DA:45,17
DA:46,17
DA:48,17
DA:49,17
DA:50,17
DA:51,17
DA:52,17
DA:53,34
DA:55,34
DA:56,1
DA:57,1
DA:58,1
DA:59,1
DA:60,1
DA:61,0
DA:62,0
DA:63,0
DA:64,1
DA:66,34
DA:67,2
DA:68,2
DA:69,2
DA:70,2
DA:71,2
DA:72,2
DA:73,0
DA:74,0
DA:75,0
DA:76,2
DA:78,34
DA:79,2
DA:81,2
DA:82,1
DA:83,1
DA:84,1
DA:85,1
DA:86,1
DA:87,1
DA:88,1
DA:90,1
DA:91,1
DA:92,1
DA:94,1
DA:95,1
DA:96,1
DA:97,1
DA:98,1
DA:100,34
DA:101,1
DA:103,1
DA:104,1
DA:105,1
DA:106,1
DA:107,1
DA:108,1
DA:111,34
DA:112,34
DA:113,34
DA:115,34
DA:116,34
DA:118,34
DA:119,34
DA:120,34
DA:121,34
DA:122,34
DA:125,34
DA:126,34
DA:127,34
DA:128,3
DA:130,34
DA:133,34
DA:134,3
DA:135,3
DA:136,3
DA:137,3
DA:138,3
DA:142,34
DA:143,34
DA:144,34
DA:145,34
DA:146,34
DA:156,34
DA:157,34
DA:163,34
DA:164,34
DA:165,34
DA:166,34
DA:170,34
DA:171,34
DA:172,3
DA:173,3
DA:174,3
DA:176,3
DA:177,3
DA:179,3
DA:180,3
DA:181,3
DA:182,3
DA:183,3
DA:184,3
DA:185,3
DA:187,3
DA:192,3
DA:193,3
DA:194,3
DA:195,3
DA:196,3
DA:197,3
DA:198,3
DA:199,3
DA:200,3
DA:201,3
DA:202,3
DA:203,3
DA:205,3
DA:210,3
DA:211,3
DA:212,3
DA:213,3
DA:214,3
DA:215,3
DA:216,3
DA:222,34
DA:230,34
DA:231,34
DA:232,34
DA:233,34
DA:234,34
DA:236,34
DA:237,34
DA:238,34
DA:243,34
DA:244,34
DA:245,30
DA:249,34
DA:250,34
DA:251,34
DA:252,34
DA:253,34
DA:255,34
DA:256,34
DA:258,34
DA:259,34
DA:260,34
DA:261,34
DA:264,34
DA:265,34
DA:266,34
DA:267,34
DA:268,34
DA:269,34
DA:271,34
DA:284,34
DA:286,1
LF:181
LH:175
BRDA:28,0,0,34
BRDA:118,1,0,22
BRDA:127,2,0,3
BRDA:133,3,0,3
BRDA:157,4,0,13
BRDA:157,5,0,17
BRDA:163,6,0,14
BRDA:163,7,0,20
BRDA:171,8,0,3
BRDA:192,9,0,2
BRDA:210,10,0,2
BRDA:236,11,0,4
BRDA:236,12,0,3
BRDA:244,13,0,30
BRDA:36,14,0,17
BRDA:48,15,0,17
BRDA:55,16,0,1
BRDA:56,17,0,0
BRDA:60,18,0,0
BRDA:66,19,0,2
BRDA:67,20,0,0
BRDA:72,21,0,0
BRDA:78,22,0,2
BRDA:79,23,0,0
BRDA:81,24,0,1
BRDA:100,25,0,1
BRDA:101,26,0,0
BRF:27
BRH:21
end_of_record
TN:
SF:src/pages/Login.tsx
FN:12,Login
FN:22,getDestination
FN:29,handleEmailLogin
FN:75,onChange
FN:91,onChange
FNF:5
FNH:5
FNDA:30,Login
FNDA:4,getDestination
FNDA:6,handleEmailLogin
FNDA:6,onChange
FNDA:6,onChange
DA:1,1
DA:2,1
DA:3,1
DA:4,1
DA:5,1
DA:6,1
DA:7,1
DA:8,1
DA:9,1
DA:10,1
DA:12,1
DA:13,30
DA:14,30
DA:15,30
DA:16,30
DA:17,30
DA:18,30
DA:20,30
DA:22,30
DA:23,4
DA:24,3
DA:25,4
DA:26,4
DA:27,4
DA:29,30
DA:30,6
DA:31,6
DA:33,6
DA:34,6
DA:35,4
DA:36,6
DA:37,6
DA:38,2
DA:39,2
DA:40,2
DA:41,2
DA:42,2
DA:43,6
DA:44,5
DA:45,5
DA:46,6
DA:48,30
DA:49,30
DA:50,30
DA:51,30
DA:52,30
DA:53,30
DA:54,30
DA:56,30
DA:59,30
DA:64,30
DA:65,30
DA:66,30
DA:67,30
DA:70,30
DA:71,30
DA:72,30
DA:73,30
DA:74,30
DA:75,30
DA:76,30
DA:77,30
DA:81,30
DA:82,30
DA:83,30
DA:86,30
DA:87,30
DA:88,30
DA:89,30
DA:90,30
DA:91,30
DA:92,30
DA:93,30
DA:97,30
DA:98,30
DA:99,30
DA:100,30
DA:102,30
DA:106,30
DA:107,30
DA:108,30
DA:113,30
DA:114,30
DA:115,30
DA:116,30
DA:117,30
DA:118,30
DA:126,30
DA:128,1
LF:89
LH:89
BRDA:12,0,0,30
BRDA:102,1,0,6
BRDA:102,2,0,24
BRDA:108,3,0,4
BRDA:108,4,0,26
BRDA:116,5,0,4
BRDA:116,6,0,26
BRDA:22,7,0,4
BRDA:23,8,0,1
BRDA:23,9,0,3
BRDA:25,10,0,2
BRDA:26,11,0,1
BRDA:26,12,0,1
BRDA:29,13,0,6
BRDA:34,14,0,4
BRDA:36,15,0,3
BRDA:37,16,0,2
BRDA:43,17,0,5
BRDA:75,18,0,6
BRDA:91,19,0,6
BRF:20
BRH:20
end_of_record
TN:
SF:src/pages/NotFound.tsx
FN:4,NotFound
FNF:1
FNH:1
FNDA:4,NotFound
DA:1,1
DA:2,1
DA:4,1
DA:5,4
DA:7,4
DA:8,4
DA:9,4
DA:11,4
DA:12,4
DA:13,4
DA:14,4
DA:15,4
DA:16,4
DA:22,4
DA:24,1
LF:15
LH:15
BRDA:4,0,0,4
BRDA:7,1,0,4
BRF:2
BRH:2
end_of_record
TN:
SF:src/pages/Settings.tsx
FN:8,Settings
FN:37,onClick
FN:48,onClick
FNF:3
FNH:3
FNDA:6,Settings
FNDA:1,onClick
FNDA:1,onClick
DA:1,1
DA:2,1
DA:4,1
DA:5,1
DA:6,1
DA:8,1
DA:9,6
DA:11,6
DA:12,6
DA:13,6
DA:15,6
DA:16,6
DA:17,6
DA:18,6
DA:19,6
DA:25,6
DA:26,6
DA:27,6
DA:28,6
DA:32,6
DA:33,6
DA:34,6
DA:35,6
DA:36,6
DA:37,6
DA:38,6
DA:39,6
DA:40,4
DA:41,2
DA:42,6
DA:44,6
DA:45,6
DA:47,6
DA:48,6
DA:49,6
DA:50,6
DA:51,2
DA:52,4
DA:53,6
DA:55,6
DA:56,6
DA:64,6
DA:65,6
DA:66,6
DA:68,6
DA:69,6
DA:70,6
DA:72,6
DA:79,6
DA:81,1
LF:50
LH:50
BRDA:8,0,0,6
BRDA:39,1,0,4
BRDA:40,2,0,2
BRDA:50,3,0,2
BRDA:51,4,0,4
BRDA:37,5,0,1
BRDA:48,6,0,1
BRF:7
BRH:7
end_of_record
TN:
SF:src/pages/SignUp.tsx
FN:17,SignUp
FN:30,handleSingerSubmit
FN:62,handleOwnerSubmit
FN:137,onClick
FN:149,onClick
FN:174,onChange
FN:190,onChange
FN:206,onChange
FN:243,onChange
FN:259,onChange
FN:275,onChange
FNF:11
FNH:10
FNDA:73,SignUp
FNDA:4,handleSingerSubmit
FNDA:3,handleOwnerSubmit
FNDA:0,onClick
FNDA:9,onClick
FNDA:6,onChange
FNDA:6,onChange
FNDA:6,onChange
FNDA:5,onChange
FNDA:5,onChange
FNDA:5,onChange
DA:1,1
DA:2,1
DA:3,1
DA:4,1
DA:5,1
DA:6,1
DA:7,1
DA:8,1
DA:9,1
DA:10,1
DA:17,1
DA:18,73
DA:19,73
DA:20,73
DA:21,73
DA:22,73
DA:23,73
DA:24,73
DA:25,73
DA:26,73
DA:28,73
DA:30,73
DA:31,4
DA:32,4
DA:33,4
DA:34,4
DA:35,4
DA:37,4
DA:38,4
DA:39,4
DA:40,4
DA:41,4
DA:42,4
DA:43,4
DA:44,4
DA:46,4
DA:47,4
DA:48,4
DA:49,4
DA:50,4
DA:51,4
DA:52,0
DA:53,0
DA:54,0
DA:55,0
DA:56,0
DA:57,4
DA:58,4
DA:59,4
DA:60,4
DA:62,73
DA:63,3
DA:64,3
DA:66,3
DA:67,3
DA:68,3
DA:70,3
DA:71,3
DA:72,3
DA:73,3
DA:74,3
DA:75,3
DA:76,3
DA:77,3
DA:79,3
DA:80,3
DA:81,3
DA:82,3
DA:83,3
DA:84,3
DA:85,3
DA:86,3
DA:87,3
DA:88,3
DA:89,3
DA:91,3
DA:92,3
DA:93,3
DA:94,3
DA:95,3
DA:96,3
DA:97,0
DA:98,0
DA:99,0
DA:100,0
DA:101,0
DA:102,3
DA:103,3
DA:104,3
DA:105,3
DA:106,73
DA:107,73
DA:108,24
DA:109,18
DA:111,73
DA:112,73
DA:113,20
DA:114,15
DA:117,73
DA:118,73
DA:119,73
DA:120,73
DA:121,73
DA:122,73
DA:123,73
DA:125,73
DA:128,73
DA:134,73
DA:135,73
DA:136,73
DA:137,73
DA:138,73
DA:139,73
DA:140,44
DA:141,29
DA:142,73
DA:144,73
DA:147,73
DA:148,73
DA:149,73
DA:150,73
DA:151,73
DA:152,29
DA:153,44
DA:154,73
DA:156,73
DA:161,73
DA:162,44
DA:163,44
DA:164,44
DA:165,44
DA:166,44
DA:169,44
DA:170,44
DA:171,44
DA:172,44
DA:173,44
DA:174,44
DA:175,44
DA:176,44
DA:180,44
DA:181,44
DA:182,44
DA:185,44
DA:186,44
DA:187,44
DA:188,44
DA:189,44
DA:190,44
DA:191,44
DA:192,44
DA:196,44
DA:197,44
DA:198,44
DA:201,44
DA:202,44
DA:203,44
DA:204,44
DA:205,44
DA:206,44
DA:207,44
DA:208,44
DA:209,44
DA:213,44
DA:214,44
DA:215,44
DA:216,44
DA:217,44
DA:219,44
DA:223,44
DA:224,44
DA:225,44
DA:231,44
DA:232,73
DA:233,73
DA:234,73
DA:235,73
DA:238,73
DA:239,73
DA:240,73
DA:241,73
DA:242,73
DA:243,73
DA:244,73
DA:245,73
DA:249,73
DA:250,73
DA:251,73
DA:254,73
DA:255,73
DA:256,73
DA:257,73
DA:258,73
DA:259,73
DA:260,73
DA:261,73
DA:265,73
DA:266,73
DA:267,73
DA:270,73
DA:271,73
DA:272,73
DA:273,73
DA:274,73
DA:275,73
DA:276,73
DA:277,73
DA:278,73
DA:282,73
DA:283,73
DA:284,73
DA:285,73
DA:286,73
DA:288,73
DA:292,73
DA:293,73
DA:294,73
DA:304,73
DA:306,1
LF:219
LH:209
BRDA:17,0,0,73
BRDA:107,1,0,24
BRDA:108,2,0,18
BRDA:112,3,0,20
BRDA:113,4,0,15
BRDA:139,5,0,44
BRDA:140,6,0,29
BRDA:151,7,0,29
BRDA:152,8,0,44
BRDA:161,9,0,44
BRDA:217,10,0,40
BRDA:219,11,0,4
BRDA:219,12,0,40
BRDA:286,13,0,26
BRDA:288,14,0,3
BRDA:288,15,0,26
BRDA:30,16,0,4
BRDA:39,17,0,0
BRDA:50,18,0,3
BRDA:51,19,0,0
BRDA:62,20,0,3
BRDA:72,21,0,0
BRDA:96,22,0,0
BRDA:149,23,0,9
BRDA:174,24,0,6
BRDA:190,25,0,6
BRDA:206,26,0,6
BRDA:243,27,0,5
BRDA:259,28,0,5
BRDA:275,29,0,5
BRF:30
BRH:26
end_of_record
TN:
SF:src/pages/StoreList.tsx
FN:8,StoreList
FNF:1
FNH:1
FNDA:13,StoreList
DA:1,1
DA:2,1
DA:3,1
DA:4,1
DA:5,1
DA:8,1
DA:9,13
DA:10,13
DA:11,13
DA:13,13
DA:14,7
DA:15,7
DA:16,7
DA:17,7
DA:18,13
DA:20,13
DA:21,13
DA:22,13
DA:23,13
DA:24,13
DA:25,13
DA:27,13
DA:28,13
DA:31,13
DA:32,13
DA:33,7
DA:36,13
DA:37,2
DA:41,13
DA:42,13
DA:43,13
DA:44,13
DA:45,13
DA:46,13
DA:47,13
DA:48,13
DA:50,13
DA:51,13
DA:53,13
DA:63,13
DA:65,1
LF:41
LH:41
BRDA:8,0,0,13
BRDA:32,1,0,7
BRDA:36,2,0,2
BRDA:13,3,0,7
BRDA:16,4,0,1
BRDA:17,5,0,6
BRDA:47,6,0,8
BRDA:47,7,0,4
BRF:8
BRH:8
end_of_record
TN:
SF:src/services/queueService.ts
FN:23,queueCol
FN:27,stageDoc
FN:31,subscribeToQueue
FN:53,subscribeToOnStageSinger
FN:84,isStageEngaged
FN:93,removeSingerFromStage
FN:109,putSingerOnStage
FN:127,markSingerAsAlreadySangById
FN:135,findSingerInQueue
FN:151,addSingerToQueue
FNF:10
FNH:10
FNDA:6,queueCol
FNDA:9,stageDoc
FNDA:3,subscribeToQueue
FNDA:4,subscribeToOnStageSinger
FNDA:4,isStageEngaged
FNDA:1,removeSingerFromStage
FNDA:2,putSingerOnStage
FNDA:1,markSingerAsAlreadySangById
FNDA:3,findSingerInQueue
FNDA:1,addSingerToQueue
DA:1,1
DA:23,6
DA:24,6
DA:25,6
DA:27,9
DA:28,9
DA:29,9
DA:31,1
DA:32,3
DA:33,3
DA:34,3
DA:36,3
DA:38,2
DA:39,2
DA:40,2
DA:41,2
DA:44,2
DA:45,1
DA:46,1
DA:47,1
DA:48,1
DA:49,1
DA:50,1
DA:51,2
DA:53,1
DA:54,4
DA:55,4
DA:56,4
DA:58,4
DA:60,3
DA:61,3
DA:62,1
DA:63,1
DA:64,1
DA:65,2
DA:66,3
DA:67,1
DA:68,1
DA:69,1
DA:70,1
DA:71,1
DA:72,1
DA:73,1
DA:74,1
DA:75,3
DA:76,3
DA:77,3
DA:78,3
DA:79,3
DA:80,3
DA:81,3
DA:82,3
DA:84,1
DA:85,4
DA:86,4
DA:88,4
DA:89,3
DA:90,4
DA:91,4
DA:93,1
DA:94,1
DA:95,1
DA:97,1
DA:98,1
DA:99,1
DA:100,1
DA:101,1
DA:102,1
DA:103,1
DA:104,1
DA:105,1
DA:106,1
DA:107,1
DA:109,1
DA:110,2
DA:111,2
DA:112,2
DA:114,2
DA:115,2
DA:116,2
DA:117,2
DA:118,2
DA:119,2
DA:120,2
DA:121,2
DA:122,2
DA:123,2
DA:124,2
DA:125,2
DA:127,1
DA:128,1
DA:129,1
DA:130,1
DA:132,1
DA:133,1
DA:135,1
DA:136,3
DA:137,3
DA:138,3
DA:140,3
DA:142,2
DA:143,2
DA:144,2
DA:145,2
DA:146,2
DA:149,2
DA:151,1
DA:152,1
DA:153,1
DA:154,1
DA:156,1
DA:157,1
LF:112
LH:112
BRDA:23,0,0,6
BRDA:27,1,0,9
BRDA:31,2,0,3
BRDA:36,3,0,1
BRDA:36,4,0,2
BRDA:44,5,0,1
BRDA:45,6,0,1
BRDA:53,7,0,4
BRDA:58,8,0,1
BRDA:58,9,0,3
BRDA:60,10,0,3
BRDA:61,11,0,1
BRDA:64,12,0,2
BRDA:66,13,0,1
BRDA:66,14,0,1
BRDA:75,15,0,0
BRDA:76,16,0,0
BRDA:78,17,0,0
BRDA:79,18,0,1
BRDA:79,19,0,0
BRDA:84,20,0,4
BRDA:88,21,0,1
BRDA:88,22,0,3
BRDA:90,23,0,2
BRDA:93,24,0,1
BRDA:109,25,0,2
BRDA:120,26,0,0
BRDA:127,27,0,1
BRDA:135,28,0,3
BRDA:140,29,0,1
BRDA:140,30,0,2
BRDA:151,31,0,1
BRF:32
BRH:27
end_of_record
TN:
SF:src/services/sessionService.ts
FN:15,sessionDoc
FN:19,todayDateId
FN:23,snapToSession
FN:37,openSession
FN:55,closeSession
FN:69,getActiveSession
FN:80,subscribeToActiveSession
FNF:7
FNH:7
FNDA:11,sessionDoc
FNDA:9,todayDateId
FNDA:2,snapToSession
FNDA:2,openSession
FNDA:2,closeSession
FNDA:4,getActiveSession
FNDA:5,subscribeToActiveSession
DA:1,1
DA:15,11
DA:16,11
DA:17,11
DA:19,9
DA:20,9
DA:21,9
DA:23,2
DA:24,2
DA:25,2
DA:26,2
DA:27,2
DA:28,2
DA:29,2
DA:30,2
DA:31,2
DA:32,2
DA:33,2
DA:34,2
DA:36,1
DA:37,1
DA:38,2
DA:39,2
DA:40,2
DA:42,2
DA:43,2
DA:44,2
DA:45,2
DA:46,2
DA:47,2
DA:48,2
DA:49,2
DA:50,2
DA:51,2
DA:52,2
DA:54,1
DA:55,1
DA:56,2
DA:57,2
DA:58,2
DA:59,2
DA:61,2
DA:62,2
DA:63,2
DA:64,2
DA:65,2
DA:66,2
DA:68,1
DA:69,1
DA:70,4
DA:71,4
DA:73,4
DA:74,3
DA:75,4
DA:76,1
DA:77,1
DA:79,1
DA:80,1
DA:81,5
DA:82,5
DA:83,5
DA:85,5
DA:87,4
DA:88,4
DA:89,3
DA:90,3
DA:91,3
DA:92,1
DA:93,1
DA:94,4
LF:70
LH:70
BRDA:15,0,0,11
BRDA:19,1,0,9
BRDA:23,2,0,2
BRDA:37,3,0,2
BRDA:55,4,0,2
BRDA:69,5,0,4
BRDA:73,6,0,1
BRDA:73,7,0,3
BRDA:75,8,0,2
BRDA:75,9,0,2
BRDA:75,10,0,1
BRDA:80,11,0,5
BRDA:85,12,0,1
BRDA:85,13,0,4
BRDA:87,14,0,4
BRDA:88,15,0,2
BRDA:88,16,0,3
BRDA:91,17,0,1
BRF:18
BRH:18
end_of_record
TN:
SF:src/services/storeService.ts
FN:4,getStores
FNF:1
FNH:0
FNDA:0,getStores
DA:1,1
DA:4,1
DA:5,0
DA:6,0
DA:7,0
DA:8,0
DA:9,0
DA:10,0
LF:8
LH:2
BRF:0
BRH:0
end_of_record
TN:
SF:src/services/userService.ts
FN:15,subscribeToUser
FNF:1
FNH:1
FNDA:4,subscribeToUser
DA:1,1
DA:10,1
DA:14,1
DA:15,1
DA:16,4
DA:17,4
DA:18,4
DA:20,4
DA:22,4
DA:23,4
DA:24,4
DA:25,2
DA:26,1
DA:27,1
DA:28,1
DA:29,1
DA:30,1
DA:31,1
DA:32,1
DA:33,1
DA:34,4
DA:36,4
LF:22
LH:22
BRDA:15,0,0,4
BRDA:24,1,0,2
BRDA:25,2,0,1
BRDA:34,3,0,1
BRF:4
BRH:4
end_of_record
TN:
SF:src/types/queue.ts
FN:1,(empty-report)
FNF:1
FNH:1
FNDA:1,(empty-report)
DA:12,0
LF:1
LH:0
BRDA:1,0,0,1
BRF:1
BRH:1
end_of_record
TN:
SF:src/types/session.ts
FN:1,(empty-report)
FNF:1
FNH:1
FNDA:1,(empty-report)
DA:15,0
DA:20,0
LF:2
LH:0
BRDA:1,0,0,1
BRF:1
BRH:1
end_of_record
TN:
SF:src/types/store.ts
FN:1,(empty-report)
FNF:1
FNH:1
FNDA:1,(empty-report)
DA:9,0
DA:12,0
DA:28,0
LF:3
LH:0
BRDA:1,0,0,1
BRF:1
BRH:1
end_of_record
TN:
SF:src/types/user.ts
FN:21,isOwner
FNF:1
FNH:1
FNDA:102,isOwner
DA:1,1
DA:4,1
DA:20,1
DA:21,1
DA:22,102
DA:23,102
LF:6
LH:6
BRDA:21,0,0,102
BRDA:22,1,0,75
BRDA:22,2,0,35
BRDA:22,3,0,8
BRF:4
BRH:4
end_of_record
